<?xml version="1.0" encoding="UTF-8"?>
<!-- Generated by org.testng.reporters.JUnitXMLReporter -->
<testsuite hostname="DESKTOP-4IH7B69" ignored="0" name="Test" tests="9" failures="0" timestamp="28 Sep 2020 05:18:59 GMT" time="0.052" errors="0">
  <testcase name="@BeforeMethod setup" time="0.003" classname="com.xero.qa.test_cases.ContactsPageTest">
    <failure type="java.lang.NullPointerException">
      <![CDATA[java.lang.NullPointerException
at com.xero.qa.base.TestBase.initialization(TestBase.java:38)
at com.xero.qa.test_cases.ContactsPageTest.setup(ContactsPageTest.java:26)
... Removed 28 stack frames]]>
    </failure>
  </testcase> <!-- @BeforeMethod setup -->
  <testcase name="@AfterMethod tearDown" time="0.0" classname="com.xero.qa.test_cases.ContactsPageTest">
    <skipped/>
  </testcase> <!-- @AfterMethod tearDown -->
  <testcase name="@BeforeMethod setup" time="0.0" classname="com.xero.qa.test_cases.HomePageTest">
    <failure type="java.lang.NullPointerException">
      <![CDATA[java.lang.NullPointerException
at com.xero.qa.base.TestBase.initialization(TestBase.java:38)
at com.xero.qa.test_cases.HomePageTest.setup(HomePageTest.java:30)
... Removed 28 stack frames]]>
    </failure>
  </testcase> <!-- @BeforeMethod setup -->
  <testcase name="@AfterMethod tearDown" time="0.0" classname="com.xero.qa.test_cases.HomePageTest">
    <skipped/>
  </testcase> <!-- @AfterMethod tearDown -->
  <testcase name="@BeforeMethod setup" time="0.001" classname="com.xero.qa.test_cases.LoginPageTest">
    <failure type="java.lang.NullPointerException">
      <![CDATA[java.lang.NullPointerException
at com.xero.qa.base.TestBase.initialization(TestBase.java:38)
at com.xero.qa.test_cases.LoginPageTest.setup(LoginPageTest.java:29)
... Removed 28 stack frames]]>
    </failure>
  </testcase> <!-- @BeforeMethod setup -->
  <testcase name="@AfterMethod tearDown" time="0.0" classname="com.xero.qa.test_cases.LoginPageTest">
    <skipped/>
  </testcase> <!-- @AfterMethod tearDown -->
  <testcase name="@BeforeMethod setup" time="0.0" classname="com.xero.qa.test_cases.ContactsPageTest">
    <skipped/>
  </testcase> <!-- @BeforeMethod setup -->
  <testcase name="@AfterMethod tearDown" time="0.0" classname="com.xero.qa.test_cases.ContactsPageTest">
    <skipped/>
  </testcase> <!-- @AfterMethod tearDown -->
  <testcase name="@BeforeMethod setup" time="0.0" classname="com.xero.qa.test_cases.HomePageTest">
    <skipped/>
  </testcase> <!-- @BeforeMethod setup -->
  <testcase name="@AfterMethod tearDown" time="0.0" classname="com.xero.qa.test_cases.HomePageTest">
    <skipped/>
  </testcase> <!-- @AfterMethod tearDown -->
  <testcase name="@BeforeMethod setup" time="0.0" classname="com.xero.qa.test_cases.LoginPageTest">
    <skipped/>
  </testcase> <!-- @BeforeMethod setup -->
  <testcase name="@AfterMethod tearDown" time="0.0" classname="com.xero.qa.test_cases.LoginPageTest">
    <skipped/>
  </testcase> <!-- @AfterMethod tearDown -->
  <testcase name="@BeforeMethod setup" time="0.0" classname="com.xero.qa.test_cases.ContactsPageTest">
    <skipped/>
  </testcase> <!-- @BeforeMethod setup -->
  <testcase name="@AfterMethod tearDown" time="0.0" classname="com.xero.qa.test_cases.ContactsPageTest">
    <skipped/>
  </testcase> <!-- @AfterMethod tearDown -->
  <testcase name="@BeforeMethod setup" time="0.0" classname="com.xero.qa.test_cases.HomePageTest">
    <skipped/>
  </testcase> <!-- @BeforeMethod setup -->
  <testcase name="@AfterMethod tearDown" time="0.0" classname="com.xero.qa.test_cases.HomePageTest">
    <skipped/>
  </testcase> <!-- @AfterMethod tearDown -->
  <testcase name="@BeforeMethod setup" time="0.0" classname="com.xero.qa.test_cases.LoginPageTest">
    <skipped/>
  </testcase> <!-- @BeforeMethod setup -->
  <testcase name="@AfterMethod tearDown" time="0.0" classname="com.xero.qa.test_cases.LoginPageTest">
    <skipped/>
  </testcase> <!-- @AfterMethod tearDown -->
  <testcase name="verifyverifyContactsPagelabelTest" time="0.0" classname="com.xero.qa.test_cases.ContactsPageTest">
    <skipped/>
  </testcase> <!-- verifyverifyContactsPagelabelTest -->
  <testcase name="verifyHomePageTitleTest" time="0.0" classname="com.xero.qa.test_cases.HomePageTest">
    <skipped/>
  </testcase> <!-- verifyHomePageTitleTest -->
  <testcase name="loginPageTitleTest" time="0.0" classname="com.xero.qa.test_cases.LoginPageTest">
    <skipped/>
  </testcase> <!-- loginPageTitleTest -->
  <testcase name="selectcontactsTest" time="0.0" classname="com.xero.qa.test_cases.ContactsPageTest">
    <skipped/>
  </testcase> <!-- selectcontactsTest -->
  <testcase name="verifyuserNameTest" time="0.0" classname="com.xero.qa.test_cases.HomePageTest">
    <skipped/>
  </testcase> <!-- verifyuserNameTest -->
  <testcase name="xeroLogoImageTest" time="0.0" classname="com.xero.qa.test_cases.LoginPageTest">
    <skipped/>
  </testcase> <!-- xeroLogoImageTest -->
  <testcase name="multipleContactsTest" time="0.0" classname="com.xero.qa.test_cases.ContactsPageTest">
    <skipped/>
  </testcase> <!-- multipleContactsTest -->
  <testcase name="verifyContactslink" time="0.0" classname="com.xero.qa.test_cases.HomePageTest">
    <skipped/>
  </testcase> <!-- verifyContactslink -->
  <testcase name="loginTest" time="0.0" classname="com.xero.qa.test_cases.LoginPageTest">
    <skipped/>
  </testcase> <!-- loginTest -->
</testsuite> <!-- Test -->
